PRT1
57
118
4 1 6 (2048 4096 336 ) (2048 4096 1280 ) (2048 4608 1280 ) (2048 4608 336 ) 
4 1 3 (2048 4096 1280 ) (2048 4096 336 ) (2624 4096 336 ) (2624 4096 1280 ) 
4 2 7 (2048 4096 296 ) (2048 4096 328 ) (2048 4608 328 ) (2048 4608 296 ) 
4 2 5 (2048 4096 328 ) (2048 4096 296 ) (2624 4096 296 ) (2624 4096 328 ) 
4 3 10 (2048 3584 1280 ) (2048 4096 1280 ) (2048 4096 336 ) (2048 3584 336 ) 
4 3 4 (2624 3584 336 ) (2624 3584 1280 ) (2048 3584 1280 ) (2048 3584 336 ) 
4 4 22 (2624 3072 328 ) (2624 3072 1280 ) (2048 3072 1280 ) (2048 3072 328 ) 
4 4 12 (2048 3072 328 ) (2048 3072 336 ) (2048 3584 336 ) (2048 3584 328 ) 
4 4 10 (2048 3072 336 ) (2048 3072 1280 ) (2048 3584 1280 ) (2048 3584 336 ) 
4 4 5 (2624 3584 328 ) (2624 3072 328 ) (2048 3072 328 ) (2048 3584 328 ) 
4 5 22 (2624 3072 296 ) (2624 3072 328 ) (2048 3072 328 ) (2048 3072 296 ) 
4 5 11 (2048 3584 328 ) (2048 4096 328 ) (2048 4096 296 ) (2048 3584 296 ) 
4 5 12 (2048 3072 296 ) (2048 3072 328 ) (2048 3584 328 ) (2048 3584 296 ) 
4 6 10 (2048 4096 336 ) (2048 4096 1280 ) (1024 4096 1280 ) (1024 4096 336 ) 
4 6 8 (1024 4096 336 ) (1024 4096 1280 ) (1024 4608 1280 ) (1024 4608 336 ) 
4 7 11 (2048 4096 296 ) (2048 4096 328 ) (1024 4096 328 ) (1024 4096 296 ) 
4 7 9 (1024 4096 296 ) (1024 4096 328 ) (1024 4608 328 ) (1024 4608 296 ) 
4 8 16 (0 4096 336 ) (0 4096 1280 ) (0 4608 1280 ) (0 4608 336 ) 
4 8 13 (0 4096 1280 ) (0 4096 336 ) (1024 4096 336 ) (1024 4096 1280 ) 
4 9 16 (0 4096 296 ) (0 4096 328 ) (0 4608 328 ) (0 4608 296 ) 
4 9 14 (0 4096 328 ) (0 4096 296 ) (1024 4096 296 ) (1024 4096 328 ) 
4 10 25 (2048 3072 336 ) (2048 3072 1280 ) (1024 3072 1280 ) (1024 3072 336 ) 
4 10 13 (1024 4096 1280 ) (1024 4096 336 ) (1024 3072 336 ) (1024 3072 1280 ) 
4 10 12 (1024 3072 336 ) (1024 3584 336 ) (2048 3584 336 ) (2048 3072 336 ) 
4 11 14 (1024 4096 328 ) (1024 4096 296 ) (1024 3584 296 ) (1024 3584 328 ) 
4 11 12 (1024 3584 296 ) (2048 3584 296 ) (2048 3584 328 ) (1024 3584 328 ) 
4 12 25 (2048 3072 296 ) (2048 3072 336 ) (1024 3072 336 ) (1024 3072 296 ) 
4 12 15 (1024 3584 296 ) (1024 3072 296 ) (1024 3072 336 ) (1024 3584 336 ) 
4 13 26 (1024 3072 336 ) (1024 3072 1280 ) (0 3072 1280 ) (0 3072 336 ) 
4 13 18 (0 3072 336 ) (0 3072 1280 ) (0 4096 1280 ) (0 4096 336 ) 
4 13 15 (1024 3072 336 ) (0 3072 336 ) (0 3584 336 ) (1024 3584 336 ) 
4 14 18 (0 4096 328 ) (0 4096 296 ) (0 3584 296 ) (0 3584 328 ) 
4 14 15 (0 3584 296 ) (1024 3584 296 ) (1024 3584 328 ) (0 3584 328 ) 
4 15 26 (1024 3072 296 ) (1024 3072 336 ) (0 3072 336 ) (0 3072 296 ) 
4 15 18 (0 3072 296 ) (0 3072 336 ) (0 3584 336 ) (0 3584 296 ) 
4 16 18 (0 4096 296 ) (0 4096 1280 ) (-1024 4096 1280 ) (-1024 4096 296 ) 
4 16 17 (-1024 4096 296 ) (-1024 4096 1280 ) (-1024 4608 1280 ) (-1024 4608 296 ) 
4 17 20 (-2048 4096 296 ) (-2048 4096 1280 ) (-2048 4608 1280 ) (-2048 4608 296 ) 
4 17 19 (-2048 4096 1280 ) (-2048 4096 296 ) (-1024 4096 296 ) (-1024 4096 1280 ) 
4 18 41 (-81.127617 3072 598 ) (-177.743912 3072 598 ) (-177.744934 3072 558.848022 ) (-81.126640 3072 558.848022 ) 
4 18 39 (0 3072 558.848022 ) (0 3072 598 ) (-81.127617 3072 598 ) (-81.126640 3072 558.848022 ) 
4 18 38 (-177.743912 3072 598 ) (-1024 3072 598 ) (-1024 3072 558.848022 ) (-177.744934 3072 558.848022 ) 
4 18 42 (0 3072 296 ) (0 3072 558.848022 ) (-1024 3072 558.848022 ) (-1024 3072 296 ) 
4 18 37 (0 3072 598 ) (0 3072 1280 ) (-1024 3072 1280 ) (-1024 3072 598 ) 
4 18 19 (-1024 4096 1280 ) (-1024 4096 296 ) (-1024 3072 296 ) (-1024 3072 1280 ) 
4 19 43 (-1024 3072 296 ) (-1024 3072 1280 ) (-2048 3072 1280 ) (-2048 3072 296 ) 
4 19 21 (-2048 3072 296 ) (-2048 3072 1280 ) (-2048 4096 1280 ) (-2048 4096 296 ) 
4 20 21 (-2048 4096 296 ) (-2048 4096 1280 ) (-2752 4096 1280 ) (-2752 4096 296 ) 
4 21 48 (-2048 3072 296 ) (-2048 3072 1280 ) (-2752 3072 1280 ) (-2752 3072 296 ) 
4 22 25 (2048 3072 1280 ) (2048 3072 296 ) (2048 2048 296 ) (2048 2048 1280 ) 
4 22 23 (2624 2048 296 ) (2624 2048 1280 ) (2048 2048 1280 ) (2048 2048 296 ) 
4 23 27 (2048 1024 296 ) (2048 1024 1280 ) (2048 2048 1280 ) (2048 2048 296 ) 
4 23 24 (2048 1024 1280 ) (2048 1024 296 ) (2624 1024 296 ) (2624 1024 1280 ) 
4 24 31 (2624 0 296 ) (2624 0 1280 ) (2048 0 1280 ) (2048 0 296 ) 
4 24 29 (2048 0 296 ) (2048 0 1280 ) (2048 1024 1280 ) (2048 1024 296 ) 
4 25 27 (2048 2048 296 ) (2048 2048 1280 ) (1024 2048 1280 ) (1024 2048 296 ) 
4 25 26 (1024 3072 1280 ) (1024 3072 296 ) (1024 2048 296 ) (1024 2048 1280 ) 
4 26 40 (0 2585.651123 558.848022 ) (0 2048 558.848022 ) (0 2048 598 ) (0 2585.645020 598 ) 
4 26 39 (0 3072 598 ) (0 3072 558.848022 ) (0 2585.651123 558.848022 ) (0 2585.645020 598 ) 
4 26 42 (0 3072 558.848022 ) (0 3072 296 ) (0 2048 296 ) (0 2048 558.848022 ) 
4 26 37 (0 3072 1280 ) (0 3072 598 ) (0 2048 598 ) (0 2048 1280 ) 
4 26 28 (1024 2048 296 ) (1024 2048 1280 ) (0 2048 1280 ) (0 2048 296 ) 
4 27 29 (2048 1024 296 ) (2048 1024 1280 ) (1024 1024 1280 ) (1024 1024 296 ) 
4 27 28 (1024 1024 296 ) (1024 1024 1280 ) (1024 2048 1280 ) (1024 2048 296 ) 
4 28 44 (0 1024 296 ) (0 1024 1280 ) (0 2048 1280 ) (0 2048 296 ) 
4 28 30 (0 1024 1280 ) (0 1024 296 ) (1024 1024 296 ) (1024 1024 1280 ) 
4 29 33 (2048 0 296 ) (2048 0 1280 ) (1024 0 1280 ) (1024 0 296 ) 
4 29 30 (1024 1024 1280 ) (1024 1024 296 ) (1024 0 296 ) (1024 0 1280 ) 
4 30 46 (0 0 296 ) (0 0 1280 ) (0 1024 1280 ) (0 1024 296 ) 
4 30 34 (1024 0 296 ) (1024 0 1280 ) (0 0 1280 ) (0 0 296 ) 
4 31 33 (2048 0 1280 ) (2048 0 296 ) (2048 -1024 296 ) (2048 -1024 1280 ) 
4 31 32 (2624 -1024 296 ) (2624 -1024 1280 ) (2048 -1024 1280 ) (2048 -1024 296 ) 
4 32 35 (2048 -1920 296 ) (2048 -1920 1280 ) (2048 -1024 1280 ) (2048 -1024 296 ) 
4 33 35 (2048 -1024 296 ) (2048 -1024 1280 ) (1024 -1024 1280 ) (1024 -1024 296 ) 
4 33 34 (1024 0 1280 ) (1024 0 296 ) (1024 -1024 296 ) (1024 -1024 1280 ) 
4 34 51 (0 -1024 296 ) (0 -1024 1280 ) (0 0 1280 ) (0 0 296 ) 
4 34 36 (1024 -1024 296 ) (1024 -1024 1280 ) (0 -1024 1280 ) (0 -1024 296 ) 
4 35 36 (1024 -1920 296 ) (1024 -1920 1280 ) (1024 -1024 1280 ) (1024 -1024 296 ) 
4 36 53 (0 -1920 296 ) (0 -1920 1280 ) (0 -1024 1280 ) (0 -1024 296 ) 
4 37 44 (0 2048 598 ) (0 2048 1280 ) (-1024 2048 1280 ) (-1024 2048 598 ) 
4 37 43 (-1024 3072 1280 ) (-1024 3072 598 ) (-1024 2048 598 ) (-1024 2048 1280 ) 
4 37 41 (-177.743896 3072 598 ) (-81.127632 3072 598 ) (-55.272438 2917 598 ) (-150.654022 2909.580322 598 ) 
5 37 40 (-49.837894 2884.419922 598 ) (0 2585.645020 598 ) (0 2048 598 ) (-6.951748 2048 598 ) (-145.220078 2877 598 ) 
3 37 39 (-81.127632 3072 598 ) (0 3072 598 ) (0 2585.645020 598 ) 
4 37 38 (-1024 2048 598 ) (-1024 3072 598 ) (-177.743896 3072 598 ) (-6.951748 2048 598 ) 
4 38 44 (-6.951748 2048 598 ) (-1024 2048 598 ) (-1024 2048 558.848022 ) (-6.952759 2048 558.848022 ) 
4 38 43 (-1024 3072 598 ) (-1024 3072 558.848022 ) (-1024 2048 558.848022 ) (-1024 2048 598 ) 
4 38 41 (-150.654221 2909.580322 558.848022 ) (-177.744141 3072 558.848022 ) (-177.744080 3072 598 ) (-150.654205 2909.580322 598 ) 
4 38 40 (-6.951733 2048 558.848022 ) (-145.220261 2877 558.848022 ) (-145.220245 2877 598 ) (-6.951904 2048 598 ) 
4 38 42 (-6.952738 2048 558.848022 ) (-1024 2048 558.848022 ) (-1024 3072 558.848022 ) (-177.744934 3072 558.848022 ) 
4 39 41 (-81.125977 3072 558.848022 ) (-55.270718 2917 558.848022 ) (-55.273056 2917 598 ) (-81.128258 3072 598 ) 
4 39 40 (-49.836163 2884.420166 558.848022 ) (0 2585.656250 558.848022 ) (0 2585.641357 598 ) (-49.838512 2884.419922 598 ) 
3 39 42 (-81.126640 3072 558.848022 ) (0 3072 558.848022 ) (0 2585.651123 558.848022 ) 
4 40 44 (0 2048 558.848022 ) (0 2048 598 ) (-6.951748 2048 598 ) (-6.952759 2048 558.848022 ) 
5 40 42 (0 2048 558.848022 ) (-6.952738 2048 558.848022 ) (-145.221054 2877 558.848022 ) (-49.836899 2884.419922 558.848022 ) (0 2585.651123 558.848022 ) 
4 41 42 (-150.655045 2909.580322 558.848022 ) (-177.744934 3072 558.848022 ) (-81.126640 3072 558.848022 ) (-55.271477 2917 558.848022 ) 
4 42 44 (0 2048 296 ) (0 2048 558.848022 ) (-1024 2048 558.848022 ) (-1024 2048 296 ) 
4 42 43 (-1024 3072 558.848022 ) (-1024 3072 296 ) (-1024 2048 296 ) (-1024 2048 558.848022 ) 
4 43 48 (-2048 3072 1280 ) (-2048 3072 296 ) (-2048 2048 296 ) (-2048 2048 1280 ) 
4 43 45 (-1024 2048 296 ) (-1024 2048 1280 ) (-2048 2048 1280 ) (-2048 2048 296 ) 
4 44 46 (0 1024 296 ) (0 1024 1280 ) (-1024 1024 1280 ) (-1024 1024 296 ) 
4 44 45 (-1024 1024 296 ) (-1024 1024 1280 ) (-1024 2048 1280 ) (-1024 2048 296 ) 
4 45 49 (-2048 1024 296 ) (-2048 1024 1280 ) (-2048 2048 1280 ) (-2048 2048 296 ) 
4 45 47 (-2048 1024 1280 ) (-2048 1024 296 ) (-1024 1024 296 ) (-1024 1024 1280 ) 
4 46 51 (0 0 296 ) (0 0 1280 ) (-1024 0 1280 ) (-1024 0 296 ) 
4 46 47 (-1024 1024 1280 ) (-1024 1024 296 ) (-1024 0 296 ) (-1024 0 1280 ) 
4 47 52 (-1024 0 296 ) (-1024 0 1280 ) (-2048 0 1280 ) (-2048 0 296 ) 
4 47 50 (-2048 0 296 ) (-2048 0 1280 ) (-2048 1024 1280 ) (-2048 1024 296 ) 
4 48 49 (-2048 2048 296 ) (-2048 2048 1280 ) (-2752 2048 1280 ) (-2752 2048 296 ) 
4 49 50 (-2048 1024 296 ) (-2048 1024 1280 ) (-2752 1024 1280 ) (-2752 1024 296 ) 
4 50 55 (-2048 0 296 ) (-2048 0 1280 ) (-2752 0 1280 ) (-2752 0 296 ) 
4 51 53 (0 -1024 296 ) (0 -1024 1280 ) (-1024 -1024 1280 ) (-1024 -1024 296 ) 
4 51 52 (-1024 0 1280 ) (-1024 0 296 ) (-1024 -1024 296 ) (-1024 -1024 1280 ) 
4 52 55 (-2048 0 1280 ) (-2048 0 296 ) (-2048 -1024 296 ) (-2048 -1024 1280 ) 
4 52 54 (-1024 -1024 296 ) (-1024 -1024 1280 ) (-2048 -1024 1280 ) (-2048 -1024 296 ) 
4 53 54 (-1024 -1920 296 ) (-1024 -1920 1280 ) (-1024 -1024 1280 ) (-1024 -1024 296 ) 
4 54 56 (-2048 -1920 296 ) (-2048 -1920 1280 ) (-2048 -1024 1280 ) (-2048 -1024 296 ) 
4 55 56 (-2048 -1024 296 ) (-2048 -1024 1280 ) (-2752 -1024 1280 ) (-2752 -1024 296 ) 
